[2025-08-05 10:04:18] ECU1 | Sent: MSG 0 RPM=5383 GEAR=2 TORQUE=277 TS=1754384658921|CK=2964
[2025-08-05 10:04:18] ECU1 | MSG 0 ACK received | RTT=600.841025 ms
[2025-08-05 10:04:18] ECU1 | ! Delayed ACK detected
[2025-08-05 10:04:20] ECU1 | Sent: MSG 1 RPM=2915 GEAR=4 TORQUE=335 TS=1754384660522|CK=2950
[2025-08-05 10:04:20] ECU1 | [!] No ACK received (timeout). Moving to next.
[2025-08-05 10:04:23] ECU1 | Sent: MSG 2 RPM=1386 GEAR=3 TORQUE=349 TS=1754384663540|CK=2959
[2025-08-05 10:04:23] ECU1 | MSG 2 ACK received | RTT=0.567034 ms
[2025-08-05 10:04:24] ECU1 | Sent: MSG 3 RPM=2421 GEAR=3 TORQUE=227 TS=1754384664541|CK=2948
[2025-08-05 10:04:24] ECU1 | MSG 3 ACK received | RTT=0.526321 ms
[2025-08-05 10:04:25] ECU1 | Sent: MSG 4 RPM=4690 GEAR=5 TORQUE=363 TS=1754384665542|CK=2964
[2025-08-05 10:04:25] ECU1 | MSG 4 ACK received | RTT=600.857377 ms
[2025-08-05 10:04:25] ECU1 | ! Delayed ACK detected
[2025-08-05 10:04:27] ECU1 | Sent: MSG 5 RPM=4926 GEAR=1 TORQUE=226 TS=1754384667143|CK=2960
[2025-08-05 10:04:27] ECU1 | MSG 5 ACK received | RTT=0.521259 ms
[2025-08-05 10:04:28] ECU1 | Sent: MSG 6 RPM=5172 GEAR=2 TORQUE=111 TS=1754384668144|CK=2951
[2025-08-05 10:04:28] ECU1 | MSG 6 ACK received | RTT=0.521471 ms
[2025-08-05 10:04:29] ECU1 | Sent: MSG 7 RPM=1368 GEAR=3 TORQUE=229 TS=1754384669145|CK=2968
[2025-08-05 10:04:29] ECU1 | MSG 7 ACK received | RTT=0.532457 ms
[2025-08-05 10:04:30] ECU1 | Sent: MSG 8 RPM=1782 GEAR=1 TORQUE=162 TS=1754384670145|CK=2955
[2025-08-05 10:04:30] ECU1 | MSG 8 ACK received | RTT=0.592601 ms
[2025-08-05 10:04:31] ECU1 | Sent: MSG 9 RPM=1123 GEAR=3 TORQUE=335 TS=1754384671146|CK=2951
[2025-08-05 10:04:31] ECU1 | MSG 9 ACK received | RTT=600.848875 ms
[2025-08-05 10:04:31] ECU1 | ! Delayed ACK detected
[2025-08-05 10:04:32] ECU1 | Sent: MSG 10 RPM=4929 GEAR=3 TORQUE=322 TS=1754384672748|CK=3013
[2025-08-05 10:04:32] ECU1 | MSG 10 ACK received | RTT=0.566702 ms
[2025-08-05 10:04:33] ECU1 | Sent: MSG 11 RPM=4058 GEAR=5 TORQUE=367 TS=1754384673748|CK=3019
[2025-08-05 10:04:33] ECU1 | MSG 11 ACK received | RTT=600.904740 ms
[2025-08-05 10:04:33] ECU1 | ! Delayed ACK detected
[2025-08-05 10:04:35] ECU1 | Sent: MSG 12 RPM=2393 GEAR=2 TORQUE=311 TS=1754384675350|CK=2997
[2025-08-05 10:04:35] ECU1 | MSG 12 ACK received | RTT=600.824887 ms
[2025-08-05 10:04:35] ECU1 | ! Delayed ACK detected
[2025-08-05 10:04:36] ECU1 | Sent: MSG 13 RPM=4042 GEAR=5 TORQUE=373 TS=1754384676951|CK=3010
[2025-08-05 10:04:36] ECU1 | MSG 13 ACK received | RTT=0.546009 ms
[2025-08-05 10:04:37] ECU1 | Sent: MSG 14 RPM=5421 GEAR=5 TORQUE=384 TS=1754384677951|CK=3016
[2025-08-05 10:04:37] ECU1 | MSG 14 ACK received | RTT=600.875621 ms
[2025-08-05 10:04:37] ECU1 | ! Delayed ACK detected
[2025-08-05 10:04:39] ECU1 | Sent: MSG 15 RPM=4537 GEAR=4 TORQUE=324 TS=1754384679553|CK=3017
[2025-08-05 10:04:39] ECU1 | MSG 15 ACK received | RTT=600.859415 ms
[2025-08-05 10:04:39] ECU1 | ! Delayed ACK detected
[2025-08-05 10:04:41] ECU1 | Sent: MSG 16 RPM=4315 GEAR=1 TORQUE=213 TS=1754384681154|CK=2996
[2025-08-05 10:04:41] ECU1 | MSG 16 ACK received | RTT=0.576591 ms
[2025-08-05 10:04:41] ECU1 | Stopped by user.
