[2025-08-05 10:04:14] ECU2 | ECU2 started, listening on port 6000
[2025-08-05 10:04:19] ECU2 | Simulating artificial delay for: MSG 0 RPM=5383 GEAR=2 TORQUE=277 TS=1754384658921|CK=2964
[2025-08-05 10:04:19] ECU2 | ! DELAYED MESSAGE detected: MSG 0 | Delay=601 ms
[2025-08-05 10:04:19] ECU2 | Valid MSG 0 | Received [57 bytes]: MSG 0 RPM=5383 GEAR=2 TORQUE=277 TS=1754384658921|CK=2964
[2025-08-05 10:04:20] ECU2 | Simulating packet loss for: MSG 1 RPM=2915 GEAR=4 TORQUE=335 TS=1754384660522|CK=2950
[2025-08-05 10:04:23] ECU2 | ! LOST MESSAGE detected: MSG 1
[2025-08-05 10:04:23] ECU2 | Valid MSG 2 | Received [57 bytes]: MSG 2 RPM=1386 GEAR=3 TORQUE=349 TS=1754384663540|CK=2959
[2025-08-05 10:04:24] ECU2 | Valid MSG 3 | Received [57 bytes]: MSG 3 RPM=2421 GEAR=3 TORQUE=227 TS=1754384664541|CK=2948
[2025-08-05 10:04:26] ECU2 | Simulating artificial delay for: MSG 4 RPM=4690 GEAR=5 TORQUE=363 TS=1754384665542|CK=2964
[2025-08-05 10:04:26] ECU2 | ! DELAYED MESSAGE detected: MSG 4 | Delay=601 ms
[2025-08-05 10:04:26] ECU2 | Valid MSG 4 | Received [57 bytes]: MSG 4 RPM=4690 GEAR=5 TORQUE=363 TS=1754384665542|CK=2964
[2025-08-05 10:04:27] ECU2 | Valid MSG 5 | Received [57 bytes]: MSG 5 RPM=4926 GEAR=1 TORQUE=226 TS=1754384667143|CK=2960
[2025-08-05 10:04:28] ECU2 | Valid MSG 6 | Received [57 bytes]: MSG 6 RPM=5172 GEAR=2 TORQUE=111 TS=1754384668144|CK=2951
[2025-08-05 10:04:29] ECU2 | Valid MSG 7 | Received [57 bytes]: MSG 7 RPM=1368 GEAR=3 TORQUE=229 TS=1754384669145|CK=2968
[2025-08-05 10:04:30] ECU2 | Valid MSG 8 | Received [57 bytes]: MSG 8 RPM=1782 GEAR=1 TORQUE=162 TS=1754384670145|CK=2955
[2025-08-05 10:04:31] ECU2 | Simulating artificial delay for: MSG 9 RPM=1123 GEAR=3 TORQUE=335 TS=1754384671146|CK=2951
[2025-08-05 10:04:31] ECU2 | ! DELAYED MESSAGE detected: MSG 9 | Delay=601 ms
[2025-08-05 10:04:31] ECU2 | Valid MSG 9 | Received [57 bytes]: MSG 9 RPM=1123 GEAR=3 TORQUE=335 TS=1754384671146|CK=2951
[2025-08-05 10:04:32] ECU2 | Valid MSG 10 | Received [58 bytes]: MSG 10 RPM=4929 GEAR=3 TORQUE=322 TS=1754384672748|CK=3013
[2025-08-05 10:04:34] ECU2 | Simulating artificial delay for: MSG 11 RPM=4058 GEAR=5 TORQUE=367 TS=1754384673748|CK=3019
[2025-08-05 10:04:34] ECU2 | ! DELAYED MESSAGE detected: MSG 11 | Delay=601 ms
[2025-08-05 10:04:34] ECU2 | Valid MSG 11 | Received [58 bytes]: MSG 11 RPM=4058 GEAR=5 TORQUE=367 TS=1754384673748|CK=3019
[2025-08-05 10:04:35] ECU2 | Simulating artificial delay for: MSG 12 RPM=2393 GEAR=2 TORQUE=311 TS=1754384675350|CK=2997
[2025-08-05 10:04:35] ECU2 | ! DELAYED MESSAGE detected: MSG 12 | Delay=600 ms
[2025-08-05 10:04:35] ECU2 | Valid MSG 12 | Received [58 bytes]: MSG 12 RPM=2393 GEAR=2 TORQUE=311 TS=1754384675350|CK=2997
[2025-08-05 10:04:36] ECU2 | Valid MSG 13 | Received [58 bytes]: MSG 13 RPM=4042 GEAR=5 TORQUE=373 TS=1754384676951|CK=3010
[2025-08-05 10:04:38] ECU2 | Simulating artificial delay for: MSG 14 RPM=5421 GEAR=5 TORQUE=384 TS=1754384677951|CK=3016
[2025-08-05 10:04:38] ECU2 | ! DELAYED MESSAGE detected: MSG 14 | Delay=601 ms
[2025-08-05 10:04:38] ECU2 | Valid MSG 14 | Received [58 bytes]: MSG 14 RPM=5421 GEAR=5 TORQUE=384 TS=1754384677951|CK=3016
[2025-08-05 10:04:40] ECU2 | Simulating artificial delay for: MSG 15 RPM=4537 GEAR=4 TORQUE=324 TS=1754384679553|CK=3017
[2025-08-05 10:04:40] ECU2 | ! DELAYED MESSAGE detected: MSG 15 | Delay=600 ms
[2025-08-05 10:04:40] ECU2 | Valid MSG 15 | Received [58 bytes]: MSG 15 RPM=4537 GEAR=4 TORQUE=324 TS=1754384679553|CK=3017
[2025-08-05 10:04:41] ECU2 | Valid MSG 16 | Received [58 bytes]: MSG 16 RPM=4315 GEAR=1 TORQUE=213 TS=1754384681154|CK=2996
